<?xml version="1.0" encoding="UTF-8"?>
<testsuite name="com.krunal.controller.PasswordTesting" tests="5" skipped="0" failures="0" errors="0" timestamp="2021-06-30T08:01:12" hostname="DESKTOP-M2BVJTD" time="0.008">
  <properties/>
  <testcase name="givenPassword_WithMinimum8Characters_ShouldReturnTrue[0]" classname="com.krunal.controller.PasswordTesting" time="0.002"/>
  <testcase name="givenPassword_WithMinimum8Characters_ShouldReturnTrue[1]" classname="com.krunal.controller.PasswordTesting" time="0.0"/>
  <testcase name="givenPassword_WithMinimum8Characters_ShouldReturnTrue[2]" classname="com.krunal.controller.PasswordTesting" time="0.0"/>
  <testcase name="givenPassword_WithMinimum8Characters_ShouldReturnTrue[3]" classname="com.krunal.controller.PasswordTesting" time="0.0"/>
  <testcase name="givenPassword_WithMinimum8Characters_ShouldReturnTrue[4]" classname="com.krunal.controller.PasswordTesting" time="0.001"/>
  <system-out><![CDATA[]]></system-out>
  <system-err><![CDATA[]]></system-err>
</testsuite>
