<?xml version="1.0" encoding="UTF-8"?>
<testsuite name="com.krunal.controller.PasswordTesting" tests="5" skipped="0" failures="0" errors="0" timestamp="2021-07-01T02:58:21" hostname="DESKTOP-M2BVJTD" time="0.009">
  <properties/>
  <testcase name="givenPassword_WithMinimum8Characters_ShouldReturnTrue[0]" classname="com.krunal.controller.PasswordTesting" time="0.004"/>
  <testcase name="givenPassword_WithMinimum8Characters_ShouldReturnTrue[1]" classname="com.krunal.controller.PasswordTesting" time="0.001"/>
  <testcase name="givenPassword_WithMinimum8Characters_ShouldReturnTrue[2]" classname="com.krunal.controller.PasswordTesting" time="0.0"/>
  <testcase name="givenPassword_WithMinimum8Characters_ShouldReturnTrue[3]" classname="com.krunal.controller.PasswordTesting" time="0.001"/>
  <testcase name="givenPassword_WithMinimum8Characters_ShouldReturnTrue[4]" classname="com.krunal.controller.PasswordTesting" time="0.0"/>
  <system-out><![CDATA[]]></system-out>
  <system-err><![CDATA[]]></system-err>
</testsuite>
